2025-11-06 12:05:28,408 - aiogram.event - INFO - Update id=727917280 is handled. Duration 356 ms by bot id=8322146210
2025-11-06 12:05:31,740 - aiogram.event - INFO - Update id=727917281 is handled. Duration 123 ms by bot id=8322146210
2025-11-06 12:05:31,869 - aiogram.event - INFO - Update id=727917278 is not handled. Duration 19337 ms by bot id=8322146210
2025-11-06 12:05:31,872 - aiogram.event - ERROR - Cause exception while process update id=727917278 by bot id=8322146210
TelegramNetworkError: HTTP Client says - ClientOSError: [WinError 121] –ü—Ä–µ–≤—ã—à–µ–Ω —Ç–∞–π–º–∞—É—Ç —Å–µ–º–∞—Ñ–æ—Ä–∞
Traceback (most recent call last):
  File "C:\Users\User\AppData\Local\Programs\Python\Python313\Lib\asyncio\proactor_events.py", line 286, in _loop_reading
    length = fut.result()
  File "C:\Users\User\AppData\Local\Programs\Python\Python313\Lib\asyncio\windows_events.py", line 804, in _poll
    value = callback(transferred, key, ov)
  File "C:\Users\User\AppData\Local\Programs\Python\Python313\Lib\asyncio\windows_events.py", line 463, in finish_socket_func
    return ov.getresult()
           ~~~~~~~~~~~~^^
OSError: [WinError 121] –ü—Ä–µ–≤—ã—à–µ–Ω —Ç–∞–π–º–∞—É—Ç —Å–µ–º–∞—Ñ–æ—Ä–∞

The above exception was the direct cause of the following exception:

Traceback (most recent call last):
  File "C:\UTILS\DArt_Stock_bot\.venv\Lib\site-packages\aiogram\client\session\aiohttp.py", line 181, in make_request
    async with session.post(
               ~~~~~~~~~~~~^
        url, data=form, timeout=self.timeout if timeout is None else timeout
        ^^^^^^^^^^^^^^^^^^^^^^^^^^^^^^^^^^^^^^^^^^^^^^^^^^^^^^^^^^^^^^^^^^^^
    ) as resp:
    ^
  File "C:\UTILS\DArt_Stock_bot\.venv\Lib\site-packages\aiohttp\client.py", line 1197, in __aenter__
    self._resp = await self._coro
                 ^^^^^^^^^^^^^^^^
  File "C:\UTILS\DArt_Stock_bot\.venv\Lib\site-packages\aiohttp\client.py", line 608, in _request
    await resp.start(conn)
  File "C:\UTILS\DArt_Stock_bot\.venv\Lib\site-packages\aiohttp\client_reqrep.py", line 976, in start
    message, payload = await protocol.read()  # type: ignore[union-attr]
                       ^^^^^^^^^^^^^^^^^^^^^
  File "C:\UTILS\DArt_Stock_bot\.venv\Lib\site-packages\aiohttp\streams.py", line 640, in read
    await self._waiter
aiohttp.client_exceptions.ClientOSError: [WinError 121] –ü—Ä–µ–≤—ã—à–µ–Ω —Ç–∞–π–º–∞—É—Ç —Å–µ–º–∞—Ñ–æ—Ä–∞

During handling of the above exception, another exception occurred:

Traceback (most recent call last):
  File "C:\UTILS\DArt_Stock_bot\.venv\Lib\site-packages\aiogram\dispatcher\dispatcher.py", line 309, in _process_update
    response = await self.feed_update(bot, update, **kwargs)
               ^^^^^^^^^^^^^^^^^^^^^^^^^^^^^^^^^^^^^^^^^^^^^
  File "C:\UTILS\DArt_Stock_bot\.venv\Lib\site-packages\aiogram\dispatcher\dispatcher.py", line 158, in feed_update
    response = await self.update.wrap_outer_middleware(
               ^^^^^^^^^^^^^^^^^^^^^^^^^^^^^^^^^^^^^^^^
    ...<7 lines>...
    )
    ^
  File "C:\UTILS\DArt_Stock_bot\.venv\Lib\site-packages\aiogram\dispatcher\middlewares\error.py", line 25, in __call__
    return await handler(event, data)
           ^^^^^^^^^^^^^^^^^^^^^^^^^^
  File "C:\UTILS\DArt_Stock_bot\.venv\Lib\site-packages\aiogram\dispatcher\middlewares\user_context.py", line 49, in __call__
    return await handler(event, data)
           ^^^^^^^^^^^^^^^^^^^^^^^^^^
  File "C:\UTILS\DArt_Stock_bot\.venv\Lib\site-packages\aiogram\fsm\middleware.py", line 42, in __call__
    return await handler(event, data)
           ^^^^^^^^^^^^^^^^^^^^^^^^^^
  File "C:\UTILS\DArt_Stock_bot\.venv\Lib\site-packages\aiogram\dispatcher\event\telegram.py", line 121, in trigger
    return await wrapped_inner(event, kwargs)
           ^^^^^^^^^^^^^^^^^^^^^^^^^^^^^^^^^^
  File "C:\UTILS\DArt_Stock_bot\.venv\Lib\site-packages\aiogram\dispatcher\event\handler.py", line 43, in call
    return await wrapped()
           ^^^^^^^^^^^^^^^
  File "C:\UTILS\DArt_Stock_bot\.venv\Lib\site-packages\aiogram\dispatcher\dispatcher.py", line 276, in _listen_update
    return await self.propagate_event(update_type=update_type, event=event, **kwargs)
           ^^^^^^^^^^^^^^^^^^^^^^^^^^^^^^^^^^^^^^^^^^^^^^^^^^^^^^^^^^^^^^^^^^^^^^^^^^
  File "C:\UTILS\DArt_Stock_bot\.venv\Lib\site-packages\aiogram\dispatcher\router.py", line 142, in propagate_event
    return await observer.wrap_outer_middleware(_wrapped, event=event, data=kwargs)
           ^^^^^^^^^^^^^^^^^^^^^^^^^^^^^^^^^^^^^^^^^^^^^^^^^^^^^^^^^^^^^^^^^^^^^^^^
  File "C:\UTILS\DArt_Stock_bot\.venv\Lib\site-packages\aiogram\dispatcher\router.py", line 137, in _wrapped
    return await self._propagate_event(
           ^^^^^^^^^^^^^^^^^^^^^^^^^^^^
        observer=observer, update_type=update_type, event=telegram_event, **data
        ^^^^^^^^^^^^^^^^^^^^^^^^^^^^^^^^^^^^^^^^^^^^^^^^^^^^^^^^^^^^^^^^^^^^^^^^
    )
    ^
  File "C:\UTILS\DArt_Stock_bot\.venv\Lib\site-packages\aiogram\dispatcher\router.py", line 162, in _propagate_event
    response = await observer.trigger(event, **kwargs)
               ^^^^^^^^^^^^^^^^^^^^^^^^^^^^^^^^^^^^^^^
  File "C:\UTILS\DArt_Stock_bot\.venv\Lib\site-packages\aiogram\dispatcher\event\telegram.py", line 121, in trigger
    return await wrapped_inner(event, kwargs)
           ^^^^^^^^^^^^^^^^^^^^^^^^^^^^^^^^^^
  File "C:\UTILS\DArt_Stock_bot\.venv\Lib\site-packages\aiogram\dispatcher\event\handler.py", line 43, in call
    return await wrapped()
           ^^^^^^^^^^^^^^^
  File "C:\UTILS\DArt_Stock_bot\bot.py", line 47, in start_command
    await message.answer(welcome_text)
  File "C:\UTILS\DArt_Stock_bot\.venv\Lib\site-packages\aiogram\methods\base.py", line 84, in emit
    return await bot(self)
           ^^^^^^^^^^^^^^^
  File "C:\UTILS\DArt_Stock_bot\.venv\Lib\site-packages\aiogram\client\bot.py", line 485, in __call__
    return await self.session(self, method, timeout=request_timeout)
           ^^^^^^^^^^^^^^^^^^^^^^^^^^^^^^^^^^^^^^^^^^^^^^^^^^^^^^^^^
  File "C:\UTILS\DArt_Stock_bot\.venv\Lib\site-packages\aiogram\client\session\base.py", line 254, in __call__
    return cast(TelegramType, await middleware(bot, method))
                              ^^^^^^^^^^^^^^^^^^^^^^^^^^^^^
  File "C:\UTILS\DArt_Stock_bot\.venv\Lib\site-packages\aiogram\client\session\aiohttp.py", line 188, in make_request
    raise TelegramNetworkError(method=method, message=f"{type(e).__name__}: {e}")
aiogram.exceptions.TelegramNetworkError: HTTP Client says - ClientOSError: [WinError 121] –ü—Ä–µ–≤—ã—à–µ–Ω —Ç–∞–π–º–∞—É—Ç —Å–µ–º–∞—Ñ–æ—Ä–∞
2025-11-06 12:05:34,525 - aiogram.event - INFO - Update id=727917282 is handled. Duration 209 ms by bot id=8322146210
2025-11-06 12:05:38,124 - aiogram.event - INFO - Update id=727917283 is handled. Duration 228 ms by bot id=8322146210
2025-11-06 12:05:38,305 - aiogram.event - INFO - Update id=727917279 is not handled. Duration 19373 ms by bot id=8322146210
2025-11-06 12:05:38,308 - aiogram.event - ERROR - Cause exception while process update id=727917279 by bot id=8322146210
TelegramNetworkError: HTTP Client says - ClientOSError: [WinError 121] –ü—Ä–µ–≤—ã—à–µ–Ω —Ç–∞–π–º–∞—É—Ç —Å–µ–º–∞—Ñ–æ—Ä–∞
Traceback (most recent call last):
  File "C:\Users\User\AppData\Local\Programs\Python\Python313\Lib\asyncio\proactor_events.py", line 286, in _loop_reading
    length = fut.result()
  File "C:\Users\User\AppData\Local\Programs\Python\Python313\Lib\asyncio\windows_events.py", line 804, in _poll
    value = callback(transferred, key, ov)
  File "C:\Users\User\AppData\Local\Programs\Python\Python313\Lib\asyncio\windows_events.py", line 463, in finish_socket_func
    return ov.getresult()
           ~~~~~~~~~~~~^^
OSError: [WinError 121] –ü—Ä–µ–≤—ã—à–µ–Ω —Ç–∞–π–º–∞—É—Ç —Å–µ–º–∞—Ñ–æ—Ä–∞

The above exception was the direct cause of the following exception:

Traceback (most recent call last):
  File "C:\UTILS\DArt_Stock_bot\.venv\Lib\site-packages\aiogram\client\session\aiohttp.py", line 181, in make_request
    async with session.post(
               ~~~~~~~~~~~~^
        url, data=form, timeout=self.timeout if timeout is None else timeout
        ^^^^^^^^^^^^^^^^^^^^^^^^^^^^^^^^^^^^^^^^^^^^^^^^^^^^^^^^^^^^^^^^^^^^
    ) as resp:
    ^
  File "C:\UTILS\DArt_Stock_bot\.venv\Lib\site-packages\aiohttp\client.py", line 1197, in __aenter__
    self._resp = await self._coro
                 ^^^^^^^^^^^^^^^^
  File "C:\UTILS\DArt_Stock_bot\.venv\Lib\site-packages\aiohttp\client.py", line 608, in _request
    await resp.start(conn)
  File "C:\UTILS\DArt_Stock_bot\.venv\Lib\site-packages\aiohttp\client_reqrep.py", line 976, in start
    message, payload = await protocol.read()  # type: ignore[union-attr]
                       ^^^^^^^^^^^^^^^^^^^^^
  File "C:\UTILS\DArt_Stock_bot\.venv\Lib\site-packages\aiohttp\streams.py", line 640, in read
    await self._waiter
aiohttp.client_exceptions.ClientOSError: [WinError 121] –ü—Ä–µ–≤—ã—à–µ–Ω —Ç–∞–π–º–∞—É—Ç —Å–µ–º–∞—Ñ–æ—Ä–∞

During handling of the above exception, another exception occurred:

Traceback (most recent call last):
  File "C:\UTILS\DArt_Stock_bot\.venv\Lib\site-packages\aiogram\dispatcher\dispatcher.py", line 309, in _process_update
    response = await self.feed_update(bot, update, **kwargs)
               ^^^^^^^^^^^^^^^^^^^^^^^^^^^^^^^^^^^^^^^^^^^^^
  File "C:\UTILS\DArt_Stock_bot\.venv\Lib\site-packages\aiogram\dispatcher\dispatcher.py", line 158, in feed_update
    response = await self.update.wrap_outer_middleware(
               ^^^^^^^^^^^^^^^^^^^^^^^^^^^^^^^^^^^^^^^^
    ...<7 lines>...
    )
    ^
  File "C:\UTILS\DArt_Stock_bot\.venv\Lib\site-packages\aiogram\dispatcher\middlewares\error.py", line 25, in __call__
    return await handler(event, data)
           ^^^^^^^^^^^^^^^^^^^^^^^^^^
  File "C:\UTILS\DArt_Stock_bot\.venv\Lib\site-packages\aiogram\dispatcher\middlewares\user_context.py", line 49, in __call__
    return await handler(event, data)
           ^^^^^^^^^^^^^^^^^^^^^^^^^^
  File "C:\UTILS\DArt_Stock_bot\.venv\Lib\site-packages\aiogram\fsm\middleware.py", line 42, in __call__
    return await handler(event, data)
           ^^^^^^^^^^^^^^^^^^^^^^^^^^
  File "C:\UTILS\DArt_Stock_bot\.venv\Lib\site-packages\aiogram\dispatcher\event\telegram.py", line 121, in trigger
    return await wrapped_inner(event, kwargs)
           ^^^^^^^^^^^^^^^^^^^^^^^^^^^^^^^^^^
  File "C:\UTILS\DArt_Stock_bot\.venv\Lib\site-packages\aiogram\dispatcher\event\handler.py", line 43, in call
    return await wrapped()
           ^^^^^^^^^^^^^^^
  File "C:\UTILS\DArt_Stock_bot\.venv\Lib\site-packages\aiogram\dispatcher\dispatcher.py", line 276, in _listen_update
    return await self.propagate_event(update_type=update_type, event=event, **kwargs)
           ^^^^^^^^^^^^^^^^^^^^^^^^^^^^^^^^^^^^^^^^^^^^^^^^^^^^^^^^^^^^^^^^^^^^^^^^^^
  File "C:\UTILS\DArt_Stock_bot\.venv\Lib\site-packages\aiogram\dispatcher\router.py", line 142, in propagate_event
    return await observer.wrap_outer_middleware(_wrapped, event=event, data=kwargs)
           ^^^^^^^^^^^^^^^^^^^^^^^^^^^^^^^^^^^^^^^^^^^^^^^^^^^^^^^^^^^^^^^^^^^^^^^^
  File "C:\UTILS\DArt_Stock_bot\.venv\Lib\site-packages\aiogram\dispatcher\router.py", line 137, in _wrapped
    return await self._propagate_event(
           ^^^^^^^^^^^^^^^^^^^^^^^^^^^^
        observer=observer, update_type=update_type, event=telegram_event, **data
        ^^^^^^^^^^^^^^^^^^^^^^^^^^^^^^^^^^^^^^^^^^^^^^^^^^^^^^^^^^^^^^^^^^^^^^^^
    )
    ^
  File "C:\UTILS\DArt_Stock_bot\.venv\Lib\site-packages\aiogram\dispatcher\router.py", line 162, in _propagate_event
    response = await observer.trigger(event, **kwargs)
               ^^^^^^^^^^^^^^^^^^^^^^^^^^^^^^^^^^^^^^^
  File "C:\UTILS\DArt_Stock_bot\.venv\Lib\site-packages\aiogram\dispatcher\event\telegram.py", line 121, in trigger
    return await wrapped_inner(event, kwargs)
           ^^^^^^^^^^^^^^^^^^^^^^^^^^^^^^^^^^
  File "C:\UTILS\DArt_Stock_bot\.venv\Lib\site-packages\aiogram\dispatcher\event\handler.py", line 43, in call
    return await wrapped()
           ^^^^^^^^^^^^^^^
  File "C:\UTILS\DArt_Stock_bot\bot.py", line 47, in start_command
    await message.answer(welcome_text)
  File "C:\UTILS\DArt_Stock_bot\.venv\Lib\site-packages\aiogram\methods\base.py", line 84, in emit
    return await bot(self)
           ^^^^^^^^^^^^^^^
  File "C:\UTILS\DArt_Stock_bot\.venv\Lib\site-packages\aiogram\client\bot.py", line 485, in __call__
    return await self.session(self, method, timeout=request_timeout)
           ^^^^^^^^^^^^^^^^^^^^^^^^^^^^^^^^^^^^^^^^^^^^^^^^^^^^^^^^^
  File "C:\UTILS\DArt_Stock_bot\.venv\Lib\site-packages\aiogram\client\session\base.py", line 254, in __call__
    return cast(TelegramType, await middleware(bot, method))
                              ^^^^^^^^^^^^^^^^^^^^^^^^^^^^^
  File "C:\UTILS\DArt_Stock_bot\.venv\Lib\site-packages\aiogram\client\session\aiohttp.py", line 188, in make_request
    raise TelegramNetworkError(method=method, message=f"{type(e).__name__}: {e}")
aiogram.exceptions.TelegramNetworkError: HTTP Client says - ClientOSError: [WinError 121] –ü—Ä–µ–≤—ã—à–µ–Ω —Ç–∞–π–º–∞—É—Ç —Å–µ–º–∞—Ñ–æ—Ä–∞
2025-11-06 12:05:43,379 - data_loader - INFO - üöÄ –ó–∞–≥—Ä—É–∑–∫–∞ –¥–∞–Ω–Ω—ã—Ö –¥–ª—è GAZP —á–µ—Ä–µ–∑ MOEX...
2025-11-06 12:05:43,380 - data_loader - INFO - üîÑ –ì–∏–±—Ä–∏–¥–Ω–∞—è –∑–∞–≥—Ä—É–∑–∫–∞ –¥–∞–Ω–Ω—ã—Ö MOEX...
2025-11-06 12:05:43,381 - data_loader - INFO - üìÖ Candles –ø–µ—Ä–∏–æ–¥: 2024-11-06 - 2025-11-06
2025-11-06 12:05:43,382 - data_loader - INFO - üìÖ Historical –ø–µ—Ä–∏–æ–¥: 2023-11-07 - 2024-11-06
2025-11-06 12:05:44,126 - data_loader - INFO - ‚úÖ Candles API: 308 –∑–∞–ø–∏—Å–µ–π
2025-11-06 12:05:45,920 - data_loader - INFO - ‚úÖ Historical API: 256 –∑–∞–ø–∏—Å–µ–π
2025-11-06 12:05:45,923 - data_loader - INFO - üéØ –û–±—ä–µ–¥–∏–Ω–µ–Ω–æ: 563 —É–Ω–∏–∫–∞–ª—å–Ω—ã—Ö –¥–∞—Ç
2025-11-06 12:05:45,924 - data_loader - INFO - üìÖ –ü–µ—Ä–∏–æ–¥: 2023-11-07 - 2025-11-06
2025-11-06 12:05:45,928 - data_loader - INFO - ‚úÖ MOEX: GAZP = 116.60 RUB
2025-11-06 12:05:46,074 - aiogram.event - INFO - Update id=727917284 is handled. Duration 2950 ms by bot id=8322146210
2025-11-06 12:05:54,873 - aiogram.event - INFO - Update id=727917285 is handled. Duration 1 ms by bot id=8322146210
2025-11-06 12:05:55,586 - data_loader - INFO - –°–æ–∑–¥–∞–Ω–∏–µ –ø—Ä–∏–∑–Ω–∞–∫–æ–≤ –ë–ï–ó —É—Ç–µ—á–∫–∏...
2025-11-06 12:05:55,597 - data_loader - INFO - –ü—Ä–∏–∑–Ω–∞–∫–∏ —Å–æ–∑–¥–∞–Ω—ã: 563 –∑–∞–ø–∏—Å–µ–π
2025-11-06 12:05:55,597 - model_trainer - INFO - –£–Ω–∏—Ñ–∏—Ü–∏—Ä–æ–≤–∞–Ω–Ω–∞—è –ø–æ–¥–≥–æ—Ç–æ–≤–∫–∞ –¥–∞–Ω–Ω—ã—Ö...
2025-11-06 12:05:55,597 - model_trainer - INFO - –î–∞—Ç–∞ —Ä–∞–∑–¥–µ–ª–µ–Ω–∏—è: 2025-07-07 00:00:00
2025-11-06 12:05:55,600 - model_trainer - INFO - –î–∞–Ω–Ω—ã–µ: 450 train, 113 test
2025-11-06 12:05:56,274 - model_trainer - INFO - üéØ –û–±—É—á–µ–Ω–∏–µ Random Forest...
2025-11-06 12:05:56,511 - model_trainer - INFO - ‚úÖ Random Forest: RMSE=2.50, MAPE=1.5%
2025-11-06 12:05:57,134 - model_trainer - INFO - üéØ –û–±—É—á–µ–Ω–∏–µ Ridge Regression...
2025-11-06 12:05:57,143 - model_trainer - INFO - ‚úÖ Ridge: RMSE=2.27, MAPE=1.3%
2025-11-06 12:05:57,781 - model_trainer - INFO - üéØ –û–±—É—á–µ–Ω–∏–µ ARIMA —Å —É–Ω–∏—Ñ–∏—Ü–∏—Ä–æ–≤–∞–Ω–Ω–æ–π –≤–∞–ª–∏–¥–∞—Ü–∏–µ–π...
2025-11-06 12:05:57,789 - model_trainer - INFO - üìä ARIMA: 450 train, 113 test
2025-11-06 12:05:57,942 - model_trainer - INFO - ‚úÖ ARIMA: RMSE=8.14, MAPE=5.8%
2025-11-06 12:05:58,571 - model_trainer - INFO - üéØ –û–±—É—á–µ–Ω–∏–µ LSTM —Å —É–Ω–∏—Ñ–∏—Ü–∏—Ä–æ–≤–∞–Ω–Ω–æ–π –≤–∞–ª–∏–¥–∞—Ü–∏–µ–π...
2025-11-06 12:05:58,573 - model_trainer - INFO - üìä LSTM: 420 train, 113 test
2025-11-06 12:06:19,848 - model_trainer - INFO - ‚úÖ LSTM: RMSE=3.49, MAPE=2.2%
2025-11-06 12:06:20,828 - model_trainer - INFO - üìä –ú–ï–¢–†–ò–ö–ò –ú–û–î–ï–õ–ï–ô:
2025-11-06 12:06:20,829 - model_trainer - INFO -    RANDOM_FOREST   RMSE: 2.50 MAPE: 1.5% MAE: 1.92
2025-11-06 12:06:20,830 - model_trainer - INFO -    RIDGE           RMSE: 2.27 MAPE: 1.3% MAE: 1.65
2025-11-06 12:06:20,832 - model_trainer - INFO -    ARIMA           RMSE: 8.14 MAPE: 5.8% MAE: 7.13
2025-11-06 12:06:20,833 - model_trainer - INFO -    LSTM            RMSE: 3.49 MAPE: 2.2% MAE: 2.77
2025-11-06 12:06:20,834 - model_trainer - INFO - üèÜ –õ–£–ß–®–ê–Ø –ú–û–î–ï–õ–¨: RIDGE (RMSE=2.27)
2025-11-06 12:06:21,518 - model_trainer - INFO - üéØ –ì–µ–Ω–µ—Ä–∞—Ü–∏—è –ø—Ä–æ–≥–Ω–æ–∑–∞ –º–æ–¥–µ–ª—å—é ridge –Ω–∞ 30 –¥–Ω–µ–π
2025-11-06 12:06:22,252 - forecast_analyzer - INFO - üìä –ù–∞–π–¥–µ–Ω–æ –º–∏–Ω–∏–º—É–º–æ–≤: 1, –º–∞–∫—Å–∏–º—É–º–æ–≤: 1
2025-11-06 12:06:22,254 - forecast_analyzer - INFO - üî• –ü–µ—Ä–≤—ã–π —ç–∫—Å—Ç—Ä–µ–º—É–º - –º–∞–∫—Å–∏–º—É–º, –¥–æ–±–∞–≤–ª—è–µ–º —Ç–µ–∫—É—â—É—é —Ü–µ–Ω—É –∫–∞–∫ –º–∏–Ω–∏–º—É–º
2025-11-06 12:06:22,255 - forecast_analyzer - INFO - üéØ –ù–∞–π–¥–µ–Ω–æ 1 —Ç–æ—Ä–≥–æ–≤—ã—Ö –ø–∞—Ä
2025-11-06 12:06:22,256 - forecast_analyzer - INFO - üí∞ –ò—Ç–æ–≥–æ–≤–∞—è –ø—Ä–∏–±—ã–ª—å: 7164.97 (+7.2%)
2025-11-06 12:06:23,349 - utils - INFO - ‚úÖ –ì—Ä–∞—Ñ–∏–∫ —É—Å–ø–µ—à–Ω–æ —Å–æ–∑–¥–∞–Ω: 97874 –±–∞–π—Ç
2025-11-06 12:06:42,389 - __main__ - ERROR - –û—à–∏–±–∫–∞ –æ—Ç–ø—Ä–∞–≤–∫–∏ —Ä–µ–∑—É–ª—å—Ç–∞—Ç–æ–≤: HTTP Client says - ClientOSError: [WinError 121] –ü—Ä–µ–≤—ã—à–µ–Ω —Ç–∞–π–º–∞—É—Ç —Å–µ–º–∞—Ñ–æ—Ä–∞
2025-11-06 12:06:53,914 - aiogram.event - INFO - Update id=727917286 is handled. Duration 140 ms by bot id=8322146210
2025-11-06 12:06:59,184 - data_loader - INFO - üöÄ –ó–∞–≥—Ä—É–∑–∫–∞ –¥–∞–Ω–Ω—ã—Ö –¥–ª—è SBER —á–µ—Ä–µ–∑ MOEX...
2025-11-06 12:06:59,185 - data_loader - INFO - üîÑ –ì–∏–±—Ä–∏–¥–Ω–∞—è –∑–∞–≥—Ä—É–∑–∫–∞ –¥–∞–Ω–Ω—ã—Ö MOEX...
2025-11-06 12:06:59,186 - data_loader - INFO - üìÖ Candles –ø–µ—Ä–∏–æ–¥: 2024-11-06 - 2025-11-06
2025-11-06 12:06:59,186 - data_loader - INFO - üìÖ Historical –ø–µ—Ä–∏–æ–¥: 2023-11-07 - 2024-11-06
2025-11-06 12:06:59,831 - data_loader - INFO - ‚úÖ Candles API: 308 –∑–∞–ø–∏—Å–µ–π
2025-11-06 12:07:02,263 - data_loader - INFO - ‚úÖ Historical API: 256 –∑–∞–ø–∏—Å–µ–π
2025-11-06 12:07:02,270 - data_loader - INFO - üéØ –û–±—ä–µ–¥–∏–Ω–µ–Ω–æ: 563 —É–Ω–∏–∫–∞–ª—å–Ω—ã—Ö –¥–∞—Ç
2025-11-06 12:07:02,271 - data_loader - INFO - üìÖ –ü–µ—Ä–∏–æ–¥: 2023-11-07 - 2025-11-06
2025-11-06 12:07:02,277 - data_loader - INFO - ‚úÖ MOEX: SBER = 294.62 RUB
2025-11-06 12:07:02,395 - aiogram.event - INFO - Update id=727917287 is handled. Duration 3305 ms by bot id=8322146210
2025-11-06 12:07:09,829 - aiogram.event - INFO - Update id=727917288 is handled. Duration 0 ms by bot id=8322146210
2025-11-06 12:07:10,710 - data_loader - INFO - –°–æ–∑–¥–∞–Ω–∏–µ –ø—Ä–∏–∑–Ω–∞–∫–æ–≤ –ë–ï–ó —É—Ç–µ—á–∫–∏...
2025-11-06 12:07:10,732 - data_loader - INFO - –ü—Ä–∏–∑–Ω–∞–∫–∏ —Å–æ–∑–¥–∞–Ω—ã: 563 –∑–∞–ø–∏—Å–µ–π
2025-11-06 12:07:10,733 - model_trainer - INFO - –£–Ω–∏—Ñ–∏—Ü–∏—Ä–æ–≤–∞–Ω–Ω–∞—è –ø–æ–¥–≥–æ—Ç–æ–≤–∫–∞ –¥–∞–Ω–Ω—ã—Ö...
2025-11-06 12:07:10,734 - model_trainer - INFO - –î–∞—Ç–∞ —Ä–∞–∑–¥–µ–ª–µ–Ω–∏—è: 2025-07-07 00:00:00
2025-11-06 12:07:10,738 - model_trainer - INFO - –î–∞–Ω–Ω—ã–µ: 450 train, 113 test
2025-11-06 12:07:11,443 - model_trainer - INFO - üéØ –û–±—É—á–µ–Ω–∏–µ Random Forest...
2025-11-06 12:07:11,699 - model_trainer - INFO - ‚úÖ Random Forest: RMSE=4.35, MAPE=1.0%
2025-11-06 12:07:12,427 - model_trainer - INFO - üéØ –û–±—É—á–µ–Ω–∏–µ Ridge Regression...
2025-11-06 12:07:12,435 - model_trainer - INFO - ‚úÖ Ridge: RMSE=4.10, MAPE=0.9%
2025-11-06 12:07:13,177 - model_trainer - INFO - üéØ –û–±—É—á–µ–Ω–∏–µ ARIMA —Å —É–Ω–∏—Ñ–∏—Ü–∏—Ä–æ–≤–∞–Ω–Ω–æ–π –≤–∞–ª–∏–¥–∞—Ü–∏–µ–π...
2025-11-06 12:07:13,180 - model_trainer - INFO - üìä ARIMA: 450 train, 113 test
2025-11-06 12:07:13,375 - model_trainer - INFO - ‚úÖ ARIMA: RMSE=19.48, MAPE=5.5%
2025-11-06 12:07:14,146 - model_trainer - INFO - üéØ –û–±—É—á–µ–Ω–∏–µ LSTM —Å —É–Ω–∏—Ñ–∏—Ü–∏—Ä–æ–≤–∞–Ω–Ω–æ–π –≤–∞–ª–∏–¥–∞—Ü–∏–µ–π...
2025-11-06 12:07:14,153 - model_trainer - INFO - üìä LSTM: 420 train, 113 test
2025-11-06 12:07:35,866 - tensorflow - WARNING - 5 out of the last 9 calls to <function TensorFlowTrainer.make_predict_function.<locals>.one_step_on_data_distributed at 0x000001E07EDD6C00> triggered tf.function retracing. Tracing is expensive and the excessive number of tracings could be due to (1) creating @tf.function repeatedly in a loop, (2) passing tensors with different shapes, (3) passing Python objects instead of tensors. For (1), please define your @tf.function outside of the loop. For (2), @tf.function has reduce_retracing=True option that can avoid unnecessary retracing. For (3), please refer to https://www.tensorflow.org/guide/function#controlling_retracing and https://www.tensorflow.org/api_docs/python/tf/function for  more details.
2025-11-06 12:07:36,507 - tensorflow - WARNING - 6 out of the last 12 calls to <function TensorFlowTrainer.make_predict_function.<locals>.one_step_on_data_distributed at 0x000001E07EDD6C00> triggered tf.function retracing. Tracing is expensive and the excessive number of tracings could be due to (1) creating @tf.function repeatedly in a loop, (2) passing tensors with different shapes, (3) passing Python objects instead of tensors. For (1), please define your @tf.function outside of the loop. For (2), @tf.function has reduce_retracing=True option that can avoid unnecessary retracing. For (3), please refer to https://www.tensorflow.org/guide/function#controlling_retracing and https://www.tensorflow.org/api_docs/python/tf/function for  more details.
2025-11-06 12:07:36,533 - model_trainer - INFO - ‚úÖ LSTM: RMSE=5.09, MAPE=1.2%
2025-11-06 12:07:37,344 - model_trainer - INFO - üìä –ú–ï–¢–†–ò–ö–ò –ú–û–î–ï–õ–ï–ô:
2025-11-06 12:07:37,346 - model_trainer - INFO -    RANDOM_FOREST   RMSE: 4.35 MAPE: 1.0% MAE: 2.88
2025-11-06 12:07:37,347 - model_trainer - INFO -    RIDGE           RMSE: 4.10 MAPE: 0.9% MAE: 2.73
2025-11-06 12:07:37,348 - model_trainer - INFO -    ARIMA           RMSE: 19.48 MAPE: 5.5% MAE: 16.14
2025-11-06 12:07:37,349 - model_trainer - INFO -    LSTM            RMSE: 5.09 MAPE: 1.2% MAE: 3.73
2025-11-06 12:07:37,350 - model_trainer - INFO - üèÜ –õ–£–ß–®–ê–Ø –ú–û–î–ï–õ–¨: RIDGE (RMSE=4.10)
2025-11-06 12:07:37,985 - model_trainer - INFO - üéØ –ì–µ–Ω–µ—Ä–∞—Ü–∏—è –ø—Ä–æ–≥–Ω–æ–∑–∞ –º–æ–¥–µ–ª—å—é ridge –Ω–∞ 30 –¥–Ω–µ–π
2025-11-06 12:07:38,704 - forecast_analyzer - INFO - üìä –ù–∞–π–¥–µ–Ω–æ –º–∏–Ω–∏–º—É–º–æ–≤: 2, –º–∞–∫—Å–∏–º—É–º–æ–≤: 1
2025-11-06 12:07:38,705 - forecast_analyzer - INFO - üéØ –ù–∞–π–¥–µ–Ω–æ 1 —Ç–æ—Ä–≥–æ–≤—ã—Ö –ø–∞—Ä
2025-11-06 12:07:38,707 - forecast_analyzer - INFO - üí∞ –ò—Ç–æ–≥–æ–≤–∞—è –ø—Ä–∏–±—ã–ª—å: 9681.12 (+1.9%)
2025-11-06 12:07:39,732 - utils - INFO - ‚úÖ –ì—Ä–∞—Ñ–∏–∫ —É—Å–ø–µ—à–Ω–æ —Å–æ–∑–¥–∞–Ω: 96940 –±–∞–π—Ç
2025-11-06 12:07:58,780 - __main__ - ERROR - –û—à–∏–±–∫–∞ –æ—Ç–ø—Ä–∞–≤–∫–∏ —Ä–µ–∑—É–ª—å—Ç–∞—Ç–æ–≤: HTTP Client says - ClientOSError: [WinError 121] –ü—Ä–µ–≤—ã—à–µ–Ω —Ç–∞–π–º–∞—É—Ç —Å–µ–º–∞—Ñ–æ—Ä–∞
2025-11-06 12:08:18,470 - __main__ - ERROR - –û—à–∏–±–∫–∞ –∞–Ω–∞–ª–∏–∑–∞: HTTP Client says - ClientOSError: [WinError 121] –ü—Ä–µ–≤—ã—à–µ–Ω —Ç–∞–π–º–∞—É—Ç —Å–µ–º–∞—Ñ–æ—Ä–∞
2025-11-06 12:08:18,763 - root - ERROR - –û—à–∏–±–∫–∞ –∞–Ω–∞–ª–∏–∑–∞: HTTP Client says - ClientOSError: [WinError 121] –ü—Ä–µ–≤—ã—à–µ–Ω —Ç–∞–π–º–∞—É—Ç —Å–µ–º–∞—Ñ–æ—Ä–∞
2025-11-06 12:08:53,733 - aiogram.dispatcher - INFO - Polling stopped
2025-11-06 12:08:54,004 - aiogram.dispatcher - INFO - Polling stopped for bot @FinanceDedalBot id=8322146210 - 'FinanceDedal'
2025-11-06 12:09:20,042 - root - INFO - –ë–æ—Ç –∑–∞–ø—É—â–µ–Ω
2025-11-06 12:09:20,042 - aiogram.dispatcher - INFO - Start polling
2025-11-06 12:09:20,354 - aiogram.dispatcher - INFO - Run polling for bot @FinanceDedalBot id=8322146210 - 'FinanceDedal'
2025-11-06 12:25:40,634 - aiogram.event - INFO - Update id=727917289 is handled. Duration 526 ms by bot id=8322146210
2025-11-06 12:25:44,611 - data_loader - INFO - üöÄ –ó–∞–≥—Ä—É–∑–∫–∞ –¥–∞–Ω–Ω—ã—Ö –¥–ª—è SBER —á–µ—Ä–µ–∑ MOEX...
2025-11-06 12:25:44,612 - data_loader - INFO - üîÑ –ì–∏–±—Ä–∏–¥–Ω–∞—è –∑–∞–≥—Ä—É–∑–∫–∞ –¥–∞–Ω–Ω—ã—Ö MOEX...
2025-11-06 12:25:44,614 - data_loader - INFO - üìÖ Candles –ø–µ—Ä–∏–æ–¥: 2024-11-06 - 2025-11-06
2025-11-06 12:25:44,616 - data_loader - INFO - üìÖ Historical –ø–µ—Ä–∏–æ–¥: 2023-11-07 - 2024-11-06
2025-11-06 12:25:45,408 - data_loader - INFO - ‚úÖ Candles API: 308 –∑–∞–ø–∏—Å–µ–π
2025-11-06 12:25:47,169 - data_loader - INFO - ‚úÖ Historical API: 256 –∑–∞–ø–∏—Å–µ–π
2025-11-06 12:25:47,179 - data_loader - INFO - üéØ –û–±—ä–µ–¥–∏–Ω–µ–Ω–æ: 563 —É–Ω–∏–∫–∞–ª—å–Ω—ã—Ö –¥–∞—Ç
2025-11-06 12:25:47,181 - data_loader - INFO - üìÖ –ü–µ—Ä–∏–æ–¥: 2023-11-07 - 2025-11-06
2025-11-06 12:25:47,189 - data_loader - INFO - ‚úÖ MOEX: SBER = 294.00 RUB
2025-11-06 12:25:47,399 - aiogram.event - INFO - Update id=727917290 is handled. Duration 2915 ms by bot id=8322146210
2025-11-06 12:25:48,614 - aiogram.event - INFO - Update id=727917291 is handled. Duration 4 ms by bot id=8322146210
2025-11-06 12:25:49,755 - data_loader - INFO - –°–æ–∑–¥–∞–Ω–∏–µ –ø—Ä–∏–∑–Ω–∞–∫–æ–≤ –ë–ï–ó —É—Ç–µ—á–∫–∏...
2025-11-06 12:25:49,778 - data_loader - INFO - –ü—Ä–∏–∑–Ω–∞–∫–∏ —Å–æ–∑–¥–∞–Ω—ã: 563 –∑–∞–ø–∏—Å–µ–π
2025-11-06 12:25:49,778 - model_trainer - INFO - –£–Ω–∏—Ñ–∏—Ü–∏—Ä–æ–≤–∞–Ω–Ω–∞—è –ø–æ–¥–≥–æ—Ç–æ–≤–∫–∞ –¥–∞–Ω–Ω—ã—Ö...
2025-11-06 12:25:49,779 - model_trainer - INFO - –î–∞—Ç–∞ —Ä–∞–∑–¥–µ–ª–µ–Ω–∏—è: 2025-07-07 00:00:00
2025-11-06 12:25:49,781 - model_trainer - INFO - –î–∞–Ω–Ω—ã–µ: 450 train, 113 test
2025-11-06 12:25:50,508 - model_trainer - INFO - üéØ –û–±—É—á–µ–Ω–∏–µ Random Forest...
2025-11-06 12:25:50,753 - model_trainer - INFO - ‚úÖ Random Forest: RMSE=4.35, MAPE=1.0%
2025-11-06 12:25:51,374 - model_trainer - INFO - üéØ –û–±—É—á–µ–Ω–∏–µ Ridge Regression...
2025-11-06 12:25:51,383 - model_trainer - INFO - ‚úÖ Ridge: RMSE=4.10, MAPE=0.9%
2025-11-06 12:25:52,032 - model_trainer - INFO - üéØ –û–±—É—á–µ–Ω–∏–µ ARIMA —Å —É–Ω–∏—Ñ–∏—Ü–∏—Ä–æ–≤–∞–Ω–Ω–æ–π –≤–∞–ª–∏–¥–∞—Ü–∏–µ–π...
2025-11-06 12:25:52,034 - model_trainer - INFO - üìä ARIMA: 450 train, 113 test
2025-11-06 12:25:52,214 - model_trainer - INFO - ‚úÖ ARIMA: RMSE=19.49, MAPE=5.5%
2025-11-06 12:25:52,844 - model_trainer - INFO - üéØ –û–±—É—á–µ–Ω–∏–µ LSTM —Å —É–Ω–∏—Ñ–∏—Ü–∏—Ä–æ–≤–∞–Ω–Ω–æ–π –≤–∞–ª–∏–¥–∞—Ü–∏–µ–π...
2025-11-06 12:25:52,851 - model_trainer - INFO - üìä LSTM: 420 train, 113 test
2025-11-06 12:26:14,420 - model_trainer - INFO - ‚úÖ LSTM: RMSE=5.28, MAPE=1.4%
2025-11-06 12:26:15,238 - model_trainer - INFO - üìä –ú–ï–¢–†–ò–ö–ò –ú–û–î–ï–õ–ï–ô:
2025-11-06 12:26:15,240 - model_trainer - INFO -    RANDOM_FOREST   RMSE: 4.35 MAPE: 1.0% MAE: 2.88
2025-11-06 12:26:15,241 - model_trainer - INFO -    RIDGE           RMSE: 4.10 MAPE: 0.9% MAE: 2.74
2025-11-06 12:26:15,243 - model_trainer - INFO -    ARIMA           RMSE: 19.49 MAPE: 5.5% MAE: 16.15
2025-11-06 12:26:15,244 - model_trainer - INFO -    LSTM            RMSE: 5.28 MAPE: 1.4% MAE: 4.10
2025-11-06 12:26:15,245 - model_trainer - INFO - üèÜ –õ–£–ß–®–ê–Ø –ú–û–î–ï–õ–¨: RIDGE (RMSE=4.10)
2025-11-06 12:26:15,957 - model_trainer - INFO - üéØ –ì–µ–Ω–µ—Ä–∞—Ü–∏—è –ø—Ä–æ–≥–Ω–æ–∑–∞ –º–æ–¥–µ–ª—å—é ridge –Ω–∞ 30 –¥–Ω–µ–π
2025-11-06 12:26:16,676 - forecast_analyzer - INFO - üìä –ù–∞–π–¥–µ–Ω–æ –º–∏–Ω–∏–º—É–º–æ–≤: 2, –º–∞–∫—Å–∏–º—É–º–æ–≤: 1
2025-11-06 12:26:16,678 - forecast_analyzer - INFO - üéØ –ù–∞–π–¥–µ–Ω–æ 1 —Ç–æ—Ä–≥–æ–≤—ã—Ö –ø–∞—Ä
2025-11-06 12:26:16,679 - forecast_analyzer - INFO - üí∞ –ò—Ç–æ–≥–æ–≤–∞—è –ø—Ä–∏–±—ã–ª—å: 397.89 (+2.0%)
2025-11-06 12:26:17,955 - utils - INFO - –ì—Ä–∞—Ñ–∏–∫ —Å–æ–∑–¥–∞–Ω: 20828 –±–∞–π—Ç
2025-11-06 12:26:17,955 - utils - INFO - –ì—Ä–∞—Ñ–∏–∫ —Å–ª–∏—à–∫–æ–º –±–æ–ª—å—à–æ–π, —Å–æ–∑–¥–∞–µ–º —É–ø—Ä–æ—â–µ–Ω–Ω—ã–π –≤–∞—Ä–∏–∞–Ω—Ç
2025-11-06 12:26:18,282 - utils - INFO - –£–ø—Ä–æ—â–µ–Ω–Ω—ã–π –≥—Ä–∞—Ñ–∏–∫: 8506 –±–∞–π—Ç
2025-11-06 12:26:18,759 - utils - INFO - –ó–∞–ø—Ä–æ—Å –æ—Ç –ø–æ–ª—å–∑–æ–≤–∞—Ç–µ–ª—è 366778837 –∑–∞–ª–æ–≥–∏—Ä–æ–≤–∞–Ω
2025-11-06 12:26:35,984 - aiogram.event - INFO - Update id=727917292 is handled. Duration 385 ms by bot id=8322146210
2025-11-06 12:26:41,307 - data_loader - INFO - üöÄ –ó–∞–≥—Ä—É–∑–∫–∞ –¥–∞–Ω–Ω—ã—Ö –¥–ª—è NVTK —á–µ—Ä–µ–∑ MOEX...
2025-11-06 12:26:41,308 - data_loader - INFO - üîÑ –ì–∏–±—Ä–∏–¥–Ω–∞—è –∑–∞–≥—Ä—É–∑–∫–∞ –¥–∞–Ω–Ω—ã—Ö MOEX...
2025-11-06 12:26:41,309 - data_loader - INFO - üìÖ Candles –ø–µ—Ä–∏–æ–¥: 2024-11-06 - 2025-11-06
2025-11-06 12:26:41,310 - data_loader - INFO - üìÖ Historical –ø–µ—Ä–∏–æ–¥: 2023-11-07 - 2024-11-06
2025-11-06 12:26:41,872 - data_loader - INFO - ‚úÖ Candles API: 304 –∑–∞–ø–∏—Å–µ–π
2025-11-06 12:26:45,929 - data_loader - INFO - ‚úÖ Historical API: 256 –∑–∞–ø–∏—Å–µ–π
2025-11-06 12:26:45,935 - data_loader - INFO - üéØ –û–±—ä–µ–¥–∏–Ω–µ–Ω–æ: 559 —É–Ω–∏–∫–∞–ª—å–Ω—ã—Ö –¥–∞—Ç
2025-11-06 12:26:45,937 - data_loader - INFO - üìÖ –ü–µ—Ä–∏–æ–¥: 2023-11-07 - 2025-11-06
2025-11-06 12:26:45,941 - data_loader - INFO - ‚úÖ MOEX: NVTK = 1050.00 RUB
2025-11-06 12:26:46,099 - aiogram.event - INFO - Update id=727917293 is handled. Duration 4895 ms by bot id=8322146210
2025-11-06 12:26:52,405 - aiogram.event - INFO - Update id=727917294 is handled. Duration 0 ms by bot id=8322146210
2025-11-06 12:26:53,215 - data_loader - INFO - –°–æ–∑–¥–∞–Ω–∏–µ –ø—Ä–∏–∑–Ω–∞–∫–æ–≤ –ë–ï–ó —É—Ç–µ—á–∫–∏...
2025-11-06 12:26:53,225 - data_loader - INFO - –ü—Ä–∏–∑–Ω–∞–∫–∏ —Å–æ–∑–¥–∞–Ω—ã: 559 –∑–∞–ø–∏—Å–µ–π
2025-11-06 12:26:53,225 - model_trainer - INFO - –£–Ω–∏—Ñ–∏—Ü–∏—Ä–æ–≤–∞–Ω–Ω–∞—è –ø–æ–¥–≥–æ—Ç–æ–≤–∫–∞ –¥–∞–Ω–Ω—ã—Ö...
2025-11-06 12:26:53,226 - model_trainer - INFO - –î–∞—Ç–∞ —Ä–∞–∑–¥–µ–ª–µ–Ω–∏—è: 2025-07-06 00:00:00
2025-11-06 12:26:53,228 - model_trainer - INFO - –î–∞–Ω–Ω—ã–µ: 447 train, 112 test
2025-11-06 12:26:53,857 - model_trainer - INFO - üéØ –û–±—É—á–µ–Ω–∏–µ Random Forest...
2025-11-06 12:26:54,095 - model_trainer - INFO - ‚úÖ Random Forest: RMSE=25.05, MAPE=1.7%
2025-11-06 12:26:54,714 - model_trainer - INFO - üéØ –û–±—É—á–µ–Ω–∏–µ Ridge Regression...
2025-11-06 12:26:54,722 - model_trainer - INFO - ‚úÖ Ridge: RMSE=22.55, MAPE=1.5%
2025-11-06 12:26:55,340 - model_trainer - INFO - üéØ –û–±—É—á–µ–Ω–∏–µ ARIMA —Å —É–Ω–∏—Ñ–∏—Ü–∏—Ä–æ–≤–∞–Ω–Ω–æ–π –≤–∞–ª–∏–¥–∞—Ü–∏–µ–π...
2025-11-06 12:26:55,343 - model_trainer - INFO - üìä ARIMA: 447 train, 112 test
2025-11-06 12:26:55,469 - model_trainer - INFO - ‚úÖ ARIMA: RMSE=109.25, MAPE=7.1%
2025-11-06 12:26:56,105 - model_trainer - INFO - üéØ –û–±—É—á–µ–Ω–∏–µ LSTM —Å —É–Ω–∏—Ñ–∏—Ü–∏—Ä–æ–≤–∞–Ω–Ω–æ–π –≤–∞–ª–∏–¥–∞—Ü–∏–µ–π...
2025-11-06 12:26:56,110 - model_trainer - INFO - üìä LSTM: 417 train, 112 test
2025-11-06 12:27:17,308 - model_trainer - INFO - ‚úÖ LSTM: RMSE=44.21, MAPE=3.0%
2025-11-06 12:27:18,124 - model_trainer - INFO - üìä –ú–ï–¢–†–ò–ö–ò –ú–û–î–ï–õ–ï–ô:
2025-11-06 12:27:18,124 - model_trainer - INFO -    RANDOM_FOREST   RMSE: 25.05 MAPE: 1.7% MAE: 18.70
2025-11-06 12:27:18,125 - model_trainer - INFO -    RIDGE           RMSE: 22.55 MAPE: 1.5% MAE: 16.33
2025-11-06 12:27:18,125 - model_trainer - INFO -    ARIMA           RMSE: 109.25 MAPE: 7.1% MAE: 84.01
2025-11-06 12:27:18,125 - model_trainer - INFO -    LSTM            RMSE: 44.21 MAPE: 3.0% MAE: 33.96
2025-11-06 12:27:18,126 - model_trainer - INFO - üèÜ –õ–£–ß–®–ê–Ø –ú–û–î–ï–õ–¨: RIDGE (RMSE=22.55)
2025-11-06 12:27:18,750 - model_trainer - INFO - üéØ –ì–µ–Ω–µ—Ä–∞—Ü–∏—è –ø—Ä–æ–≥–Ω–æ–∑–∞ –º–æ–¥–µ–ª—å—é ridge –Ω–∞ 30 –¥–Ω–µ–π
2025-11-06 12:27:19,437 - forecast_analyzer - INFO - üìä –ù–∞–π–¥–µ–Ω–æ –º–∏–Ω–∏–º—É–º–æ–≤: 1, –º–∞–∫—Å–∏–º—É–º–æ–≤: 2
2025-11-06 12:27:19,439 - forecast_analyzer - INFO - üî• –ü–µ—Ä–≤—ã–π —ç–∫—Å—Ç—Ä–µ–º—É–º - –º–∞–∫—Å–∏–º—É–º, –¥–æ–±–∞–≤–ª—è–µ–º —Ç–µ–∫—É—â—É—é —Ü–µ–Ω—É –∫–∞–∫ –º–∏–Ω–∏–º—É–º
2025-11-06 12:27:19,440 - forecast_analyzer - INFO - üéØ –ù–∞–π–¥–µ–Ω–æ 2 —Ç–æ—Ä–≥–æ–≤—ã—Ö –ø–∞—Ä
2025-11-06 12:27:19,442 - forecast_analyzer - INFO - üí∞ –ò—Ç–æ–≥–æ–≤–∞—è –ø—Ä–∏–±—ã–ª—å: 118.91 (+0.4%)
2025-11-06 12:27:20,371 - utils - INFO - –ì—Ä–∞—Ñ–∏–∫ —Å–æ–∑–¥–∞–Ω: 18996 –±–∞–π—Ç
2025-11-06 12:27:20,873 - utils - INFO - –ó–∞–ø—Ä–æ—Å –æ—Ç –ø–æ–ª—å–∑–æ–≤–∞—Ç–µ–ª—è 366778837 –∑–∞–ª–æ–≥–∏—Ä–æ–≤–∞–Ω
2025-11-06 12:27:51,575 - aiogram.event - INFO - Update id=727917295 is handled. Duration 331 ms by bot id=8322146210
2025-11-06 12:27:56,913 - data_loader - INFO - üöÄ –ó–∞–≥—Ä—É–∑–∫–∞ –¥–∞–Ω–Ω—ã—Ö –¥–ª—è SBET —á–µ—Ä–µ–∑ MOEX...
2025-11-06 12:27:56,915 - data_loader - INFO - üîÑ –ì–∏–±—Ä–∏–¥–Ω–∞—è –∑–∞–≥—Ä—É–∑–∫–∞ –¥–∞–Ω–Ω—ã—Ö MOEX...
2025-11-06 12:27:56,916 - data_loader - INFO - üìÖ Candles –ø–µ—Ä–∏–æ–¥: 2024-11-06 - 2025-11-06
2025-11-06 12:27:56,917 - data_loader - INFO - üìÖ Historical –ø–µ—Ä–∏–æ–¥: 2023-11-07 - 2024-11-06
2025-11-06 12:27:57,433 - data_loader - INFO - ‚úÖ Candles API: 0 –∑–∞–ø–∏—Å–µ–π
2025-11-06 12:27:57,953 - data_loader - INFO - ‚úÖ Historical API: 0 –∑–∞–ø–∏—Å–µ–π
2025-11-06 12:27:57,953 - data_loader - ERROR - üí• –û—à–∏–±–∫–∞ –∑–∞–≥—Ä—É–∑–∫–∏: –ù–µ —É–¥–∞–ª–æ—Å—å –∑–∞–≥—Ä—É–∑–∏—Ç—å –¥–∞–Ω–Ω—ã–µ –¥–ª—è SBET
2025-11-06 12:27:58,160 - aiogram.event - INFO - Update id=727917296 is handled. Duration 1378 ms by bot id=8322146210
2025-11-06 12:28:01,992 - aiogram.event - INFO - Update id=727917297 is handled. Duration 108 ms by bot id=8322146210
2025-11-06 12:28:06,930 - data_loader - INFO - üöÄ –ó–∞–≥—Ä—É–∑–∫–∞ –¥–∞–Ω–Ω—ã—Ö –¥–ª—è SBER —á–µ—Ä–µ–∑ MOEX...
2025-11-06 12:28:06,932 - data_loader - INFO - üîÑ –ì–∏–±—Ä–∏–¥–Ω–∞—è –∑–∞–≥—Ä—É–∑–∫–∞ –¥–∞–Ω–Ω—ã—Ö MOEX...
2025-11-06 12:28:06,934 - data_loader - INFO - üìÖ Candles –ø–µ—Ä–∏–æ–¥: 2024-11-06 - 2025-11-06
2025-11-06 12:28:06,935 - data_loader - INFO - üìÖ Historical –ø–µ—Ä–∏–æ–¥: 2023-11-07 - 2024-11-06
2025-11-06 12:28:09,216 - data_loader - INFO - ‚úÖ Candles API: 308 –∑–∞–ø–∏—Å–µ–π
2025-11-06 12:28:11,299 - data_loader - INFO - ‚úÖ Historical API: 256 –∑–∞–ø–∏—Å–µ–π
2025-11-06 12:28:11,306 - data_loader - INFO - üéØ –û–±—ä–µ–¥–∏–Ω–µ–Ω–æ: 563 —É–Ω–∏–∫–∞–ª—å–Ω—ã—Ö –¥–∞—Ç
2025-11-06 12:28:11,307 - data_loader - INFO - üìÖ –ü–µ—Ä–∏–æ–¥: 2023-11-07 - 2025-11-06
2025-11-06 12:28:11,312 - data_loader - INFO - ‚úÖ MOEX: SBER = 293.99 RUB
2025-11-06 12:28:11,576 - aiogram.event - INFO - Update id=727917298 is handled. Duration 4868 ms by bot id=8322146210
2025-11-06 12:28:19,283 - aiogram.event - INFO - Update id=727917299 is handled. Duration 0 ms by bot id=8322146210
2025-11-06 12:28:20,146 - data_loader - INFO - –°–æ–∑–¥–∞–Ω–∏–µ –ø—Ä–∏–∑–Ω–∞–∫–æ–≤ –ë–ï–ó —É—Ç–µ—á–∫–∏...
2025-11-06 12:28:20,155 - data_loader - INFO - –ü—Ä–∏–∑–Ω–∞–∫–∏ —Å–æ–∑–¥–∞–Ω—ã: 563 –∑–∞–ø–∏—Å–µ–π
2025-11-06 12:28:20,155 - model_trainer - INFO - –£–Ω–∏—Ñ–∏—Ü–∏—Ä–æ–≤–∞–Ω–Ω–∞—è –ø–æ–¥–≥–æ—Ç–æ–≤–∫–∞ –¥–∞–Ω–Ω—ã—Ö...
2025-11-06 12:28:20,156 - model_trainer - INFO - –î–∞—Ç–∞ —Ä–∞–∑–¥–µ–ª–µ–Ω–∏—è: 2025-07-07 00:00:00
2025-11-06 12:28:20,158 - model_trainer - INFO - –î–∞–Ω–Ω—ã–µ: 450 train, 113 test
2025-11-06 12:28:20,865 - model_trainer - INFO - üéØ –û–±—É—á–µ–Ω–∏–µ Random Forest...
2025-11-06 12:28:21,129 - model_trainer - INFO - ‚úÖ Random Forest: RMSE=4.35, MAPE=1.0%
2025-11-06 12:28:21,763 - model_trainer - INFO - üéØ –û–±—É—á–µ–Ω–∏–µ Ridge Regression...
2025-11-06 12:28:21,767 - model_trainer - INFO - ‚úÖ Ridge: RMSE=4.10, MAPE=0.9%
2025-11-06 12:28:22,374 - model_trainer - INFO - üéØ –û–±—É—á–µ–Ω–∏–µ ARIMA —Å —É–Ω–∏—Ñ–∏—Ü–∏—Ä–æ–≤–∞–Ω–Ω–æ–π –≤–∞–ª–∏–¥–∞—Ü–∏–µ–π...
2025-11-06 12:28:22,377 - model_trainer - INFO - üìä ARIMA: 450 train, 113 test
2025-11-06 12:28:22,544 - model_trainer - INFO - ‚úÖ ARIMA: RMSE=19.49, MAPE=5.5%
2025-11-06 12:28:23,197 - model_trainer - INFO - üéØ –û–±—É—á–µ–Ω–∏–µ LSTM —Å —É–Ω–∏—Ñ–∏—Ü–∏—Ä–æ–≤–∞–Ω–Ω–æ–π –≤–∞–ª–∏–¥–∞—Ü–∏–µ–π...
2025-11-06 12:28:23,204 - model_trainer - INFO - üìä LSTM: 420 train, 113 test
2025-11-06 12:28:44,408 - tensorflow - WARNING - 5 out of the last 9 calls to <function TensorFlowTrainer.make_predict_function.<locals>.one_step_on_data_distributed at 0x000002127EF67740> triggered tf.function retracing. Tracing is expensive and the excessive number of tracings could be due to (1) creating @tf.function repeatedly in a loop, (2) passing tensors with different shapes, (3) passing Python objects instead of tensors. For (1), please define your @tf.function outside of the loop. For (2), @tf.function has reduce_retracing=True option that can avoid unnecessary retracing. For (3), please refer to https://www.tensorflow.org/guide/function#controlling_retracing and https://www.tensorflow.org/api_docs/python/tf/function for  more details.
2025-11-06 12:28:45,059 - tensorflow - WARNING - 6 out of the last 12 calls to <function TensorFlowTrainer.make_predict_function.<locals>.one_step_on_data_distributed at 0x000002127EF67740> triggered tf.function retracing. Tracing is expensive and the excessive number of tracings could be due to (1) creating @tf.function repeatedly in a loop, (2) passing tensors with different shapes, (3) passing Python objects instead of tensors. For (1), please define your @tf.function outside of the loop. For (2), @tf.function has reduce_retracing=True option that can avoid unnecessary retracing. For (3), please refer to https://www.tensorflow.org/guide/function#controlling_retracing and https://www.tensorflow.org/api_docs/python/tf/function for  more details.
2025-11-06 12:28:45,088 - model_trainer - INFO - ‚úÖ LSTM: RMSE=5.74, MAPE=1.5%
2025-11-06 12:28:46,080 - model_trainer - INFO - üìä –ú–ï–¢–†–ò–ö–ò –ú–û–î–ï–õ–ï–ô:
2025-11-06 12:28:46,081 - model_trainer - INFO -    RANDOM_FOREST   RMSE: 4.35 MAPE: 1.0% MAE: 2.88
2025-11-06 12:28:46,082 - model_trainer - INFO -    RIDGE           RMSE: 4.10 MAPE: 0.9% MAE: 2.74
2025-11-06 12:28:46,084 - model_trainer - INFO -    ARIMA           RMSE: 19.49 MAPE: 5.5% MAE: 16.15
2025-11-06 12:28:46,085 - model_trainer - INFO -    LSTM            RMSE: 5.74 MAPE: 1.5% MAE: 4.44
2025-11-06 12:28:46,086 - model_trainer - INFO - üèÜ –õ–£–ß–®–ê–Ø –ú–û–î–ï–õ–¨: RIDGE (RMSE=4.10)
2025-11-06 12:28:46,752 - model_trainer - INFO - üéØ –ì–µ–Ω–µ—Ä–∞—Ü–∏—è –ø—Ä–æ–≥–Ω–æ–∑–∞ –º–æ–¥–µ–ª—å—é ridge –Ω–∞ 30 –¥–Ω–µ–π
2025-11-06 12:28:47,470 - forecast_analyzer - INFO - üìä –ù–∞–π–¥–µ–Ω–æ –º–∏–Ω–∏–º—É–º–æ–≤: 2, –º–∞–∫—Å–∏–º—É–º–æ–≤: 1
2025-11-06 12:28:47,470 - forecast_analyzer - INFO - üéØ –ù–∞–π–¥–µ–Ω–æ 1 —Ç–æ—Ä–≥–æ–≤—ã—Ö –ø–∞—Ä
2025-11-06 12:28:47,470 - forecast_analyzer - INFO - üí∞ –ò—Ç–æ–≥–æ–≤–∞—è –ø—Ä–∏–±—ã–ª—å: 995.22 (+2.0%)
2025-11-06 12:28:48,489 - utils - INFO - –ì—Ä–∞—Ñ–∏–∫ —Å–æ–∑–¥–∞–Ω: 20831 –±–∞–π—Ç
2025-11-06 12:28:48,490 - utils - INFO - –ì—Ä–∞—Ñ–∏–∫ —Å–ª–∏—à–∫–æ–º –±–æ–ª—å—à–æ–π, —Å–æ–∑–¥–∞–µ–º —É–ø—Ä–æ—â–µ–Ω–Ω—ã–π –≤–∞—Ä–∏–∞–Ω—Ç
2025-11-06 12:28:48,661 - utils - INFO - –£–ø—Ä–æ—â–µ–Ω–Ω—ã–π –≥—Ä–∞—Ñ–∏–∫: 8507 –±–∞–π—Ç
2025-11-06 12:28:49,214 - utils - INFO - –ó–∞–ø—Ä–æ—Å –æ—Ç –ø–æ–ª—å–∑–æ–≤–∞—Ç–µ–ª—è 366778837 –∑–∞–ª–æ–≥–∏—Ä–æ–≤–∞–Ω
2025-11-06 12:29:06,388 - aiogram.event - INFO - Update id=727917300 is handled. Duration 281 ms by bot id=8322146210
2025-11-06 12:29:15,924 - data_loader - INFO - üöÄ –ó–∞–≥—Ä—É–∑–∫–∞ –¥–∞–Ω–Ω—ã—Ö –¥–ª—è GAZP —á–µ—Ä–µ–∑ MOEX...
2025-11-06 12:29:15,925 - data_loader - INFO - üîÑ –ì–∏–±—Ä–∏–¥–Ω–∞—è –∑–∞–≥—Ä—É–∑–∫–∞ –¥–∞–Ω–Ω—ã—Ö MOEX...
2025-11-06 12:29:15,926 - data_loader - INFO - üìÖ Candles –ø–µ—Ä–∏–æ–¥: 2024-11-06 - 2025-11-06
2025-11-06 12:29:15,927 - data_loader - INFO - üìÖ Historical –ø–µ—Ä–∏–æ–¥: 2023-11-07 - 2024-11-06
2025-11-06 12:29:17,775 - data_loader - INFO - ‚úÖ Candles API: 308 –∑–∞–ø–∏—Å–µ–π
2025-11-06 12:29:19,576 - data_loader - INFO - ‚úÖ Historical API: 256 –∑–∞–ø–∏—Å–µ–π
2025-11-06 12:29:19,582 - data_loader - INFO - üéØ –û–±—ä–µ–¥–∏–Ω–µ–Ω–æ: 563 —É–Ω–∏–∫–∞–ª—å–Ω—ã—Ö –¥–∞—Ç
2025-11-06 12:29:19,584 - data_loader - INFO - üìÖ –ü–µ—Ä–∏–æ–¥: 2023-11-07 - 2025-11-06
2025-11-06 12:29:19,590 - data_loader - INFO - ‚úÖ MOEX: GAZP = 116.52 RUB
2025-11-06 12:29:19,697 - aiogram.event - INFO - Update id=727917301 is handled. Duration 3900 ms by bot id=8322146210
2025-11-06 12:29:25,116 - aiogram.event - INFO - Update id=727917302 is handled. Duration 3 ms by bot id=8322146210
2025-11-06 12:29:26,104 - data_loader - INFO - –°–æ–∑–¥–∞–Ω–∏–µ –ø—Ä–∏–∑–Ω–∞–∫–æ–≤ –ë–ï–ó —É—Ç–µ—á–∫–∏...
2025-11-06 12:29:26,112 - data_loader - INFO - –ü—Ä–∏–∑–Ω–∞–∫–∏ —Å–æ–∑–¥–∞–Ω—ã: 563 –∑–∞–ø–∏—Å–µ–π
2025-11-06 12:29:26,113 - model_trainer - INFO - –£–Ω–∏—Ñ–∏—Ü–∏—Ä–æ–≤–∞–Ω–Ω–∞—è –ø–æ–¥–≥–æ—Ç–æ–≤–∫–∞ –¥–∞–Ω–Ω—ã—Ö...
2025-11-06 12:29:26,113 - model_trainer - INFO - –î–∞—Ç–∞ —Ä–∞–∑–¥–µ–ª–µ–Ω–∏—è: 2025-07-07 00:00:00
2025-11-06 12:29:26,115 - model_trainer - INFO - –î–∞–Ω–Ω—ã–µ: 450 train, 113 test
2025-11-06 12:29:26,776 - model_trainer - INFO - üéØ –û–±—É—á–µ–Ω–∏–µ Random Forest...
2025-11-06 12:29:26,999 - model_trainer - INFO - ‚úÖ Random Forest: RMSE=2.50, MAPE=1.5%
2025-11-06 12:29:27,622 - model_trainer - INFO - üéØ –û–±—É—á–µ–Ω–∏–µ Ridge Regression...
2025-11-06 12:29:27,631 - model_trainer - INFO - ‚úÖ Ridge: RMSE=2.27, MAPE=1.3%
2025-11-06 12:29:28,248 - model_trainer - INFO - üéØ –û–±—É—á–µ–Ω–∏–µ ARIMA —Å —É–Ω–∏—Ñ–∏—Ü–∏—Ä–æ–≤–∞–Ω–Ω–æ–π –≤–∞–ª–∏–¥–∞—Ü–∏–µ–π...
2025-11-06 12:29:28,251 - model_trainer - INFO - üìä ARIMA: 450 train, 113 test
2025-11-06 12:29:28,387 - model_trainer - INFO - ‚úÖ ARIMA: RMSE=8.14, MAPE=5.8%
2025-11-06 12:29:29,045 - model_trainer - INFO - üéØ –û–±—É—á–µ–Ω–∏–µ LSTM —Å —É–Ω–∏—Ñ–∏—Ü–∏—Ä–æ–≤–∞–Ω–Ω–æ–π –≤–∞–ª–∏–¥–∞—Ü–∏–µ–π...
2025-11-06 12:29:29,051 - model_trainer - INFO - üìä LSTM: 420 train, 113 test
2025-11-06 12:29:50,720 - model_trainer - INFO - ‚úÖ LSTM: RMSE=4.04, MAPE=2.8%
2025-11-06 12:29:51,575 - model_trainer - INFO - üìä –ú–ï–¢–†–ò–ö–ò –ú–û–î–ï–õ–ï–ô:
2025-11-06 12:29:51,576 - model_trainer - INFO -    RANDOM_FOREST   RMSE: 2.50 MAPE: 1.5% MAE: 1.92
2025-11-06 12:29:51,578 - model_trainer - INFO -    RIDGE           RMSE: 2.27 MAPE: 1.3% MAE: 1.65
2025-11-06 12:29:51,579 - model_trainer - INFO -    ARIMA           RMSE: 8.14 MAPE: 5.8% MAE: 7.14
2025-11-06 12:29:51,580 - model_trainer - INFO -    LSTM            RMSE: 4.04 MAPE: 2.8% MAE: 3.44
2025-11-06 12:29:51,581 - model_trainer - INFO - üèÜ –õ–£–ß–®–ê–Ø –ú–û–î–ï–õ–¨: RIDGE (RMSE=2.27)
2025-11-06 12:29:52,201 - model_trainer - INFO - üéØ –ì–µ–Ω–µ—Ä–∞—Ü–∏—è –ø—Ä–æ–≥–Ω–æ–∑–∞ –º–æ–¥–µ–ª—å—é ridge –Ω–∞ 30 –¥–Ω–µ–π
2025-11-06 12:29:52,921 - forecast_analyzer - INFO - üìä –ù–∞–π–¥–µ–Ω–æ –º–∏–Ω–∏–º—É–º–æ–≤: 1, –º–∞–∫—Å–∏–º—É–º–æ–≤: 1
2025-11-06 12:29:52,922 - forecast_analyzer - INFO - üî• –ü–µ—Ä–≤—ã–π —ç–∫—Å—Ç—Ä–µ–º—É–º - –º–∞–∫—Å–∏–º—É–º, –¥–æ–±–∞–≤–ª—è–µ–º —Ç–µ–∫—É—â—É—é —Ü–µ–Ω—É –∫–∞–∫ –º–∏–Ω–∏–º—É–º
2025-11-06 12:29:52,923 - forecast_analyzer - INFO - üéØ –ù–∞–π–¥–µ–Ω–æ 1 —Ç–æ—Ä–≥–æ–≤—ã—Ö –ø–∞—Ä
2025-11-06 12:29:52,924 - forecast_analyzer - INFO - üí∞ –ò—Ç–æ–≥–æ–≤–∞—è –ø—Ä–∏–±—ã–ª—å: 71634.90 (+7.2%)
2025-11-06 12:29:53,974 - utils - INFO - –ì—Ä–∞—Ñ–∏–∫ —Å–æ–∑–¥–∞–Ω: 20982 –±–∞–π—Ç
2025-11-06 12:29:53,974 - utils - INFO - –ì—Ä–∞—Ñ–∏–∫ —Å–ª–∏—à–∫–æ–º –±–æ–ª—å—à–æ–π, —Å–æ–∑–¥–∞–µ–º —É–ø—Ä–æ—â–µ–Ω–Ω—ã–π –≤–∞—Ä–∏–∞–Ω—Ç
2025-11-06 12:29:54,130 - utils - INFO - –£–ø—Ä–æ—â–µ–Ω–Ω—ã–π –≥—Ä–∞—Ñ–∏–∫: 8411 –±–∞–π—Ç
2025-11-06 12:29:54,705 - utils - INFO - –ó–∞–ø—Ä–æ—Å –æ—Ç –ø–æ–ª—å–∑–æ–≤–∞—Ç–µ–ª—è 366778837 –∑–∞–ª–æ–≥–∏—Ä–æ–≤–∞–Ω
2025-11-06 12:30:19,742 - aiogram.event - INFO - Update id=727917303 is handled. Duration 306 ms by bot id=8322146210
2025-11-06 12:30:28,513 - data_loader - INFO - üöÄ –ó–∞–≥—Ä—É–∑–∫–∞ –¥–∞–Ω–Ω—ã—Ö –¥–ª—è LKOH —á–µ—Ä–µ–∑ MOEX...
2025-11-06 12:30:28,514 - data_loader - INFO - üîÑ –ì–∏–±—Ä–∏–¥–Ω–∞—è –∑–∞–≥—Ä—É–∑–∫–∞ –¥–∞–Ω–Ω—ã—Ö MOEX...
2025-11-06 12:30:28,515 - data_loader - INFO - üìÖ Candles –ø–µ—Ä–∏–æ–¥: 2024-11-06 - 2025-11-06
2025-11-06 12:30:28,517 - data_loader - INFO - üìÖ Historical –ø–µ—Ä–∏–æ–¥: 2023-11-07 - 2024-11-06
2025-11-06 12:30:29,060 - data_loader - INFO - ‚úÖ Candles API: 308 –∑–∞–ø–∏—Å–µ–π
2025-11-06 12:30:30,736 - data_loader - INFO - ‚úÖ Historical API: 256 –∑–∞–ø–∏—Å–µ–π
2025-11-06 12:30:30,743 - data_loader - INFO - üéØ –û–±—ä–µ–¥–∏–Ω–µ–Ω–æ: 563 —É–Ω–∏–∫–∞–ª—å–Ω—ã—Ö –¥–∞—Ç
2025-11-06 12:30:30,744 - data_loader - INFO - üìÖ –ü–µ—Ä–∏–æ–¥: 2023-11-07 - 2025-11-06
2025-11-06 12:30:30,750 - data_loader - INFO - ‚úÖ MOEX: LKOH = 5447.50 RUB
2025-11-06 12:30:30,859 - aiogram.event - INFO - Update id=727917304 is handled. Duration 2526 ms by bot id=8322146210
2025-11-06 12:30:40,306 - aiogram.event - INFO - Update id=727917305 is handled. Duration 1 ms by bot id=8322146210
2025-11-06 12:30:41,023 - data_loader - INFO - –°–æ–∑–¥–∞–Ω–∏–µ –ø—Ä–∏–∑–Ω–∞–∫–æ–≤ –ë–ï–ó —É—Ç–µ—á–∫–∏...
2025-11-06 12:30:41,033 - data_loader - INFO - –ü—Ä–∏–∑–Ω–∞–∫–∏ —Å–æ–∑–¥–∞–Ω—ã: 563 –∑–∞–ø–∏—Å–µ–π
2025-11-06 12:30:41,034 - model_trainer - INFO - –£–Ω–∏—Ñ–∏—Ü–∏—Ä–æ–≤–∞–Ω–Ω–∞—è –ø–æ–¥–≥–æ—Ç–æ–≤–∫–∞ –¥–∞–Ω–Ω—ã—Ö...
2025-11-06 12:30:41,034 - model_trainer - INFO - –î–∞—Ç–∞ —Ä–∞–∑–¥–µ–ª–µ–Ω–∏—è: 2025-07-07 00:00:00
2025-11-06 12:30:41,037 - model_trainer - INFO - –î–∞–Ω–Ω—ã–µ: 450 train, 113 test
2025-11-06 12:30:41,652 - model_trainer - INFO - üéØ –û–±—É—á–µ–Ω–∏–µ Random Forest...
2025-11-06 12:30:41,877 - model_trainer - INFO - ‚úÖ Random Forest: RMSE=281.72, MAPE=3.2%
2025-11-06 12:30:42,547 - model_trainer - INFO - üéØ –û–±—É—á–µ–Ω–∏–µ Ridge Regression...
2025-11-06 12:30:42,556 - model_trainer - INFO - ‚úÖ Ridge: RMSE=102.24, MAPE=1.2%
2025-11-06 12:30:43,204 - model_trainer - INFO - üéØ –û–±—É—á–µ–Ω–∏–µ ARIMA —Å —É–Ω–∏—Ñ–∏—Ü–∏—Ä–æ–≤–∞–Ω–Ω–æ–π –≤–∞–ª–∏–¥–∞—Ü–∏–µ–π...
2025-11-06 12:30:43,207 - model_trainer - INFO - üìä ARIMA: 450 train, 113 test
2025-11-06 12:30:43,362 - model_trainer - INFO - ‚úÖ ARIMA: RMSE=288.40, MAPE=3.7%
2025-11-06 12:30:44,055 - model_trainer - INFO - üéØ –û–±—É—á–µ–Ω–∏–µ LSTM —Å —É–Ω–∏—Ñ–∏—Ü–∏—Ä–æ–≤–∞–Ω–Ω–æ–π –≤–∞–ª–∏–¥–∞—Ü–∏–µ–π...
2025-11-06 12:30:44,060 - model_trainer - INFO - üìä LSTM: 420 train, 113 test
2025-11-06 12:31:05,540 - model_trainer - INFO - ‚úÖ LSTM: RMSE=215.53, MAPE=2.7%
2025-11-06 12:31:06,517 - model_trainer - INFO - üìä –ú–ï–¢–†–ò–ö–ò –ú–û–î–ï–õ–ï–ô:
2025-11-06 12:31:06,518 - model_trainer - INFO -    RANDOM_FOREST   RMSE: 281.72 MAPE: 3.2% MAE: 185.67
2025-11-06 12:31:06,518 - model_trainer - INFO -    RIDGE           RMSE: 102.24 MAPE: 1.2% MAE: 74.51
2025-11-06 12:31:06,519 - model_trainer - INFO -    ARIMA           RMSE: 288.40 MAPE: 3.7% MAE: 223.59
2025-11-06 12:31:06,519 - model_trainer - INFO -    LSTM            RMSE: 215.53 MAPE: 2.7% MAE: 158.61
2025-11-06 12:31:06,520 - model_trainer - INFO - üèÜ –õ–£–ß–®–ê–Ø –ú–û–î–ï–õ–¨: RIDGE (RMSE=102.24)
2025-11-06 12:31:07,236 - model_trainer - INFO - üéØ –ì–µ–Ω–µ—Ä–∞—Ü–∏—è –ø—Ä–æ–≥–Ω–æ–∑–∞ –º–æ–¥–µ–ª—å—é ridge –Ω–∞ 30 –¥–Ω–µ–π
2025-11-06 12:31:07,925 - forecast_analyzer - INFO - üìä –ù–∞–π–¥–µ–Ω–æ –º–∏–Ω–∏–º—É–º–æ–≤: 0, –º–∞–∫—Å–∏–º—É–º–æ–≤: 1
2025-11-06 12:31:07,927 - forecast_analyzer - INFO - üî• –ü–µ—Ä–≤—ã–π —ç–∫—Å—Ç—Ä–µ–º—É–º - –º–∞–∫—Å–∏–º—É–º, –¥–æ–±–∞–≤–ª—è–µ–º —Ç–µ–∫—É—â—É—é —Ü–µ–Ω—É –∫–∞–∫ –º–∏–Ω–∏–º—É–º
2025-11-06 12:31:07,928 - forecast_analyzer - INFO - üéØ –ù–∞–π–¥–µ–Ω–æ 1 —Ç–æ—Ä–≥–æ–≤—ã—Ö –ø–∞—Ä
2025-11-06 12:31:07,930 - forecast_analyzer - INFO - üí∞ –ò—Ç–æ–≥–æ–≤–∞—è –ø—Ä–∏–±—ã–ª—å: 215348.82 (+10.8%)
2025-11-06 12:31:08,874 - utils - INFO - –ì—Ä–∞—Ñ–∏–∫ —Å–æ–∑–¥–∞–Ω: 20613 –±–∞–π—Ç
2025-11-06 12:31:08,875 - utils - INFO - –ì—Ä–∞—Ñ–∏–∫ —Å–ª–∏—à–∫–æ–º –±–æ–ª—å—à–æ–π, —Å–æ–∑–¥–∞–µ–º —É–ø—Ä–æ—â–µ–Ω–Ω—ã–π –≤–∞—Ä–∏–∞–Ω—Ç
2025-11-06 12:31:09,044 - utils - INFO - –£–ø—Ä–æ—â–µ–Ω–Ω—ã–π –≥—Ä–∞—Ñ–∏–∫: 8530 –±–∞–π—Ç
2025-11-06 12:31:09,378 - utils - INFO - –ó–∞–ø—Ä–æ—Å –æ—Ç –ø–æ–ª—å–∑–æ–≤–∞—Ç–µ–ª—è 366778837 –∑–∞–ª–æ–≥–∏—Ä–æ–≤–∞–Ω
